<?xml version="1.0" encoding="UTF-8"?>
<!-- Generated by org.testng.reporters.JUnitReportReporter -->
<testsuite hostname="LAPTOP-M8DHBMAJ" failures="0" tests="1" name="tests.SuccessfulReferAFriendTest" time="87.544" errors="0" timestamp="07 Jul 2022 19:06:41 GMT" skipped="0">
  <testcase classname="tests.SuccessfulReferAFriendTest" name="test" time="87.544"/>
</testsuite> <!-- tests.SuccessfulReferAFriendTest -->
